$ tauri.exe dev
     Running BeforeDevCommand (`bun run dev`)
$ vite dev
     Running DevCommand (`cargo  run --no-default-features --color always --`)
        Info Watching C:\Users\Z\Downloads\PROJECTS\STT_BRAIN_TTS\copyspeak\src-tauri for changes...
[1m[92m   Compiling[0m copyspeak v0.1.10 (C:\Users\Z\Downloads\PROJECTS\STT_BRAIN_TTS\copyspeak\src-tauri)
[1m[96m    Building[0m [=======================> ] 491/493: copyspe…[1m[96m    Building[0m [=======================> ] 492/493: copyspe…                                                            [1m[93mwarning[0m[1m[97m: unused import: `profiles::*`[0m
  [1m[96m--> [0msrc\commands\tts\mod.rs:25:9
   [1m[96m|[0m
[1m[96m25[0m [1m[96m|[0m pub use profiles::*;
   [1m[96m|[0m         [1m[93m^^^^^^^^^^^[0m
   [1m[96m|[0m
   [1m[96m= [0m[1m[97mnote[0m: `#[warn(unused_imports)]` (part of `#[warn(unused)]`) on by default

[1m[96m    Building[0m [=======================> ] 492/493: copyspe…                                                            [1m[93mwarning[0m[1m[97m: variable does not need to be mutable[0m
   [1m[96m--> [0msrc\commands\config.rs:138:5
    [1m[96m|[0m
[1m[96m138[0m [1m[96m|[0m     mut new_config: AppConfig,
    [1m[96m|[0m     [1m[96m----[0m[1m[93m^^^^^^^^^^[0m
    [1m[96m|[0m     [1m[96m|[0m
    [1m[96m|[0m     [1m[96mhelp: remove this `mut`[0m
    [1m[96m|[0m
    [1m[96m= [0m[1m[97mnote[0m: `#[warn(unused_mut)]` (part of `#[warn(unused)]`) on by default

[1m[96m    Building[0m [=======================> ] 492/493: copyspe…                                                            [1m[93mwarning[0m[1m[97m: unused variable: `active_backend`[0m
    [1m[96m--> [0msrc\commands\tts\synthesis.rs:1322:10
     [1m[96m|[0m
[1m[96m1322[0m [1m[96m|[0m     let (active_backend, tts_config) = {
     [1m[96m|[0m          [1m[93m^^^^^^^^^^^^^^[0m [1m[93mhelp: if this is intentional, prefix it with an underscore: `_active_backend`[0m
     [1m[96m|[0m
     [1m[96m= [0m[1m[97mnote[0m: `#[warn(unused_variables)]` (part of `#[warn(unused)]`) on by default

[1m[96m    Building[0m [=======================> ] 492/493: copyspe…                                                            [1m[93mwarning[0m[1m[97m: function `list_post_processing_models` is never used[0m
  [1m[96m--> [0msrc\commands\config.rs:71:14
   [1m[96m|[0m
[1m[96m71[0m [1m[96m|[0m pub async fn list_post_processing_models(
   [1m[96m|[0m              [1m[93m^^^^^^^^^^^^^^^^^^^^^^^^^^^[0m
   [1m[96m|[0m
   [1m[96m= [0m[1m[97mnote[0m: `#[warn(dead_code)]` (part of `#[warn(unused)]`) on by default

[1m[93mwarning[0m[1m[97m: function `models_endpoint` is never used[0m
   [1m[96m--> [0msrc\commands\config.rs:112:4
    [1m[96m|[0m
[1m[96m112[0m [1m[96m|[0m fn models_endpoint(
    [1m[96m|[0m    [1m[93m^^^^^^^^^^^^^^^[0m

[1m[93mwarning[0m[1m[97m: constant `CREATE_NEW_CONSOLE` is never used[0m
  [1m[96m--> [0msrc\commands\install.rs:16:7
   [1m[96m|[0m
[1m[96m16[0m [1m[96m|[0m const CREATE_NEW_CONSOLE: u32 = 0x0000_0010;
   [1m[96m|[0m       [1m[93m^^^^^^^^^^^^^^^^^^[0m

[1m[93mwarning[0m[1m[97m: function `installer_script_for` is never used[0m
  [1m[96m--> [0msrc\commands\install.rs:19:4
   [1m[96m|[0m
[1m[96m19[0m [1m[96m|[0m fn installer_script_for(engine: &str) -> Result<&'static str, String> {
   [1m[96m|[0m    [1m[93m^^^^^^^^^^^^^^^^^^^^[0m

[1m[93mwarning[0m[1m[97m: function `resolve_script` is never used[0m
  [1m[96m--> [0msrc\commands\install.rs:33:4
   [1m[96m|[0m
[1m[96m33[0m [1m[96m|[0m fn resolve_script(filename: &str) -> Result<PathBuf, String> {
   [1m[96m|[0m    [1m[93m^^^^^^^^^^^^^^[0m

[1m[93mwarning[0m[1m[97m: function `install_engine` is never used[0m
  [1m[96m--> [0msrc\commands\install.rs:61:8
   [1m[96m|[0m
[1m[96m61[0m [1m[96m|[0m pub fn install_engine(engine: String) -> Result<(), String> {
   [1m[96m|[0m        [1m[93m^^^^^^^^^^^^^^[0m

[1m[93mwarning[0m[1m[97m: function `set_active_profile` is never used[0m
 [1m[96m--> [0msrc\commands\tts\profiles.rs:6:8
  [1m[96m|[0m
[1m[96m6[0m [1m[96m|[0m pub fn set_active_profile(
  [1m[96m|[0m        [1m[93m^^^^^^^^^^^^^^^^^^[0m

[1m[93mwarning[0m[1m[97m: function `speak_now_with_profile` is never used[0m
   [1m[96m--> [0msrc\commands\tts\synthesis.rs:256:14
    [1m[96m|[0m
[1m[96m256[0m [1m[96m|[0m pub async fn speak_now_with_profile(
    [1m[96m|[0m              [1m[93m^^^^^^^^^^^^^^^^^^^^^^[0m

[1m[93mwarning[0m[1m[97m: struct `EffectsConfig` is never constructed[0m
  [1m[96m--> [0msrc\config\effects.rs:18:12
   [1m[96m|[0m
[1m[96m18[0m [1m[96m|[0m pub struct EffectsConfig {
   [1m[96m|[0m            [1m[93m^^^^^^^^^^^^^[0m

[1m[96m    Building[0m [=======================> ] 492/493: copyspe…                                                            [1m[93mwarning[0m[1m[97m: function `load_dotenv` is never used[0m
  [1m[96m--> [0msrc\secrets.rs:12:8
   [1m[96m|[0m
[1m[96m12[0m [1m[96m|[0m pub fn load_dotenv() {
   [1m[96m|[0m        [1m[93m^^^^^^^^^^^[0m

[1m[93mwarning[0m[1m[97m: function `exe_dir` is never used[0m
  [1m[96m--> [0msrc\secrets.rs:60:4
   [1m[96m|[0m
[1m[96m60[0m [1m[96m|[0m fn exe_dir() -> Option<PathBuf> {
   [1m[96m|[0m    [1m[93m^^^^^^^[0m

[1m[96m    Building[0m [=======================> ] 492/493: copyspe…                                                            [1m[93mwarning[0m[1m[97m: field `engine_name` is never read[0m
  [1m[96m--> [0msrc\tts\local_tts_server.rs:39:5
   [1m[96m|[0m
[1m[96m36[0m [1m[96m|[0m struct ActiveServer {
   [1m[96m|[0m        [1m[96m------------[0m [1m[96mfield in this struct[0m
[1m[96m...[0m
[1m[96m39[0m [1m[96m|[0m     engine_name: String,
   [1m[96m|[0m     [1m[93m^^^^^^^^^^^[0m

[1m[93mwarning[0m[1m[97m: function `list_static_voices` is never used[0m
   [1m[96m--> [0msrc\tts\catalog.rs:501:8
    [1m[96m|[0m
[1m[96m501[0m [1m[96m|[0m pub fn list_static_voices(engine: &TtsEngine) -> Vec<VoiceCatalogEntry> {
    [1m[96m|[0m        [1m[93m^^^^^^^^^^^^^^^^^^[0m

[1m[96m    Building[0m [=======================> ] 492/493: copyspe…                                                            [1m[93mwarning[0m: `copyspeak` (bin "copyspeak") generated 16 warnings (run `cargo fix --bin "copyspeak" -p copyspeak` to apply 3 suggestions)
[1m[92m    Finished[0m `dev` profile [unoptimized + debuginfo] target(s) in 12.26s
[1m[92m     Running[0m `target\debug\copyspeak.exe`
INFO [copyspeak::logging] Logging initialized to C:\Users\Z\AppData\Roaming\CopySpeak\logs
INFO [copyspeak::config] Config migrated to schema v3 (playback→profile)
INFO [copyspeak::history] No history found at C:\Users\Z\AppData\Roaming\CopySpeak\history.json, starting fresh
INFO [copyspeak::audio::player] Audio thread started
INFO [copyspeak::audio::player] Audio retrigger mode changed to: Queue
DEBUG [copyspeak::hud] Target monitor: 3840x2160 at (0, 0)
DEBUG [copyspeak::hud] Using preset HUD position BottomLeft: (16, 1996)
DEBUG [copyspeak::hud] Setting HUD position to (16, 1996)
INFO [copyspeak] [Hotkey] Attempting to register - enabled: false, shortcut: Win+Shift+A
INFO [copyspeak] [Hotkey] Disabled, skipping registration
INFO [copyspeak] CopySpeak started
INFO [copyspeak::clipboard] Clipboard listener thread starting with Win32 AddClipboardFormatListener
INFO [copyspeak::history] History background cleanup service started (first run in 30s)
INFO [copyspeak::control_server] [Control] Listening on http://127.0.0.1:43117
INFO [copyspeak::clipboard] Win32 clipboard listener registered successfully
INFO [copyspeak] App exiting, cleaning up TTS servers
INFO [copyspeak] Flushing telemetry to disk...
[0712/232201.364:ERROR:ui\gfx\win\window_impl.cc:172] Failed to unregister class Chrome_WidgetWin_0. Error = 1412
error: script "dev" exited with code 255
